[0m09:09:06.645566 [debug] [MainThread]: Sending event: {'category': 'dbt', 'action': 'invocation', 'label': 'start', 'context': [<snowplow_tracker.self_describing_json.SelfDescribingJson object at 0x109ef2120>, <snowplow_tracker.self_describing_json.SelfDescribingJson object at 0x10b337ed0>, <snowplow_tracker.self_describing_json.SelfDescribingJson object at 0x10b337d90>]}


============================== 09:09:06.647635 | 43659409-6660-4614-b666-a0134ad36a92 ==============================
[0m09:09:06.647635 [info ] [MainThread]: Running with dbt=1.12.0-a1
[0m09:09:06.647890 [debug] [MainThread]: running dbt with arguments {'printer_width': '80', 'partial_parse': 'True', 'no_print': 'None', 'send_anonymous_usage_stats': 'True', 'indirect_selection': 'eager', 'quiet': 'False', 'use_experimental_parser': 'False', 'write_json': 'True', 'invocation_command': 'dbt ', 'warn_error': 'None', 'introspect': 'True', 'cache_selected_only': 'False', 'log_cache_events': 'False', 'empty': 'None', 'version_check': 'True', 'log_path': '/Users/macobeseda-90210/dbt-airflow-bq/Airflow-dbt-bigquery-gcs-healthcare-data-pipeline/dbt/healthcare_dbt_bigquery_data_pipeline/logs', 'static_parser': 'True', 'target_path': 'None', 'fail_fast': 'False', 'profiles_dir': '/Users/macobeseda-90210/dbt-airflow-bq/Airflow-dbt-bigquery-gcs-healthcare-data-pipeline/dbt/healthcare_dbt_bigquery_data_pipeline', 'debug': 'False', 'log_format': 'default', 'warn_error_options': 'WarnErrorOptionsV2(error=[], warn=[], silence=[])', 'use_colors': 'True'}
[0m09:09:14.111458 [debug] [MainThread]: Sending event: {'category': 'dbt', 'action': 'project_id', 'label': '43659409-6660-4614-b666-a0134ad36a92', 'context': [<snowplow_tracker.self_describing_json.SelfDescribingJson object at 0x10a70ab10>]}
[0m09:09:14.133274 [debug] [MainThread]: Set downloads directory='/var/folders/bc/nbjlvr957x73fmct5tpbqxgh0000gn/T/dbt-downloads-uxf9abtb'
[0m09:09:14.133796 [debug] [MainThread]: Making package index registry request: GET https://hub.getdbt.com/api/v1/index.json
[0m09:09:14.413723 [debug] [MainThread]: Response from registry index: GET https://hub.getdbt.com/api/v1/index.json 200
[0m09:09:14.415941 [debug] [MainThread]: Making package registry request: GET https://hub.getdbt.com/api/v1/dbt-labs/dbt_utils.json
[0m09:09:14.568233 [debug] [MainThread]: Response from registry: GET https://hub.getdbt.com/api/v1/dbt-labs/dbt_utils.json 200
[0m09:09:14.583587 [info ] [MainThread]: Updating lock file in file path: /Users/macobeseda-90210/dbt-airflow-bq/Airflow-dbt-bigquery-gcs-healthcare-data-pipeline/dbt/healthcare_dbt_bigquery_data_pipeline/package-lock.yml
[0m09:09:14.607275 [debug] [MainThread]: Set downloads directory='/var/folders/bc/nbjlvr957x73fmct5tpbqxgh0000gn/T/dbt-downloads-5ec6ir9r'
[0m09:09:14.609494 [info ] [MainThread]: Installing dbt-labs/dbt_utils
[0m09:09:15.067315 [info ] [MainThread]: Installed from version 1.3.0
[0m09:09:15.067536 [info ] [MainThread]: Updated version available: 1.3.3
[0m09:09:15.067739 [debug] [MainThread]: Sending event: {'category': 'dbt', 'action': 'package', 'label': '43659409-6660-4614-b666-a0134ad36a92', 'property_': 'install', 'context': [<snowplow_tracker.self_describing_json.SelfDescribingJson object at 0x10b1dff00>, <snowplow_tracker.self_describing_json.SelfDescribingJson object at 0x10b1de8b0>]}
[0m09:09:15.068018 [info ] [MainThread]: 
[0m09:09:15.068271 [info ] [MainThread]: Updates available for packages: ['dbt-labs/dbt_utils']                 
Update your versions in packages.yml, then run dbt deps
[0m09:09:15.219188 [debug] [MainThread]: Resource report: {"command_name": "deps", "command_success": true, "command_wall_clock_time": 8.608595, "process_in_blocks": "0", "process_kernel_time": 0.209836, "process_mem_max_rss": "137019392", "process_out_blocks": "0", "process_user_time": 0.669018}
[0m09:09:15.219758 [debug] [MainThread]: Command `cli deps` succeeded at 09:09:15.219638 after 8.61 seconds
[0m09:09:15.220099 [debug] [MainThread]: Sending event: {'category': 'dbt', 'action': 'invocation', 'label': 'end', 'context': [<snowplow_tracker.self_describing_json.SelfDescribingJson object at 0x10b589950>, <snowplow_tracker.self_describing_json.SelfDescribingJson object at 0x10ad0d040>, <snowplow_tracker.self_describing_json.SelfDescribingJson object at 0x10b397110>]}
[0m09:09:15.220467 [debug] [MainThread]: Flushing usage events
[0m09:09:15.857688 [debug] [MainThread]: An error was encountered while trying to flush usage events
